17/07/10 04:21:44 WARN util.NativeCodeLoader: Unable to load native-hadoop library for your platform... using builtin-java classes where applicable
17/07/10 04:21:45 INFO client.RMProxy: Connecting to ResourceManager at master/192.168.109.3:8032
17/07/10 04:21:47 INFO input.FileInputFormat: Total input paths to process : 1
17/07/10 04:21:47 INFO mapreduce.JobSubmitter: number of splits:1
17/07/10 04:21:47 INFO mapreduce.JobSubmitter: Submitting tokens for job: job_1499617331172_0001
17/07/10 04:21:48 INFO impl.YarnClientImpl: Submitted application application_1499617331172_0001
17/07/10 04:21:48 INFO mapreduce.Job: The url to track the job: http://master:8088/proxy/application_1499617331172_0001/
17/07/10 04:21:48 INFO mapreduce.Job: Running job: job_1499617331172_0001
17/07/10 04:22:00 INFO mapreduce.Job: Job job_1499617331172_0001 running in uber mode : false
17/07/10 04:22:00 INFO mapreduce.Job:  map 0% reduce 0%
17/07/10 04:22:11 INFO mapreduce.Job:  map 100% reduce 0%
17/07/10 04:22:18 INFO mapreduce.Job:  map 100% reduce 100%
17/07/10 04:22:18 INFO mapreduce.Job: Job job_1499617331172_0001 completed successfully
17/07/10 04:22:18 INFO mapreduce.Job: Counters: 49
        File System Counters
                FILE: Number of bytes read=276
                FILE: Number of bytes written=215541
                FILE: Number of read operations=0
                FILE: Number of large read operations=0
                FILE: Number of write operations=0
                HDFS: Number of bytes read=299
                HDFS: Number of bytes written=78
                HDFS: Number of read operations=6
                HDFS: Number of large read operations=0
                HDFS: Number of write operations=2
        Job Counters
                Launched map tasks=1
                Launched reduce tasks=1
                Rack-local map tasks=1
                Total time spent by all maps in occupied slots (ms)=7164
                Total time spent by all reduces in occupied slots (ms)=4975
                Total time spent by all map tasks (ms)=7164
                Total time spent by all reduce tasks (ms)=4975
                Total vcore-milliseconds taken by all map tasks=7164
                Total vcore-milliseconds taken by all reduce tasks=4975
                Total megabyte-milliseconds taken by all map tasks=7335936
                Total megabyte-milliseconds taken by all reduce tasks=5094400
        Map-Reduce Framework
                Map input records=14
                Map output records=14
                Map output bytes=242
                Map output materialized bytes=276
                Input split bytes=99
                Combine input records=0
                Combine output records=0
                Reduce input groups=4
                Reduce shuffle bytes=276
                Reduce input records=14
                Reduce output records=4
                Spilled Records=28
                Shuffled Maps =1
                Failed Shuffles=0
                Merged Map outputs=1
                GC time elapsed (ms)=183
                CPU time spent (ms)=1670
                Physical memory (bytes) snapshot=304275456
                Virtual memory (bytes) snapshot=4118347776
                Total committed heap usage (bytes)=184885248
        Shuffle Errors
                BAD_ID=0
                CONNECTION=0
                IO_ERROR=0
                WRONG_LENGTH=0
                WRONG_MAP=0
                WRONG_REDUCE=0
        File Input Format Counters
                Bytes Read=200
        File Output Format Counters
                Bytes Written=78
17/07/10 04:22:18 INFO sort.Main: run(): status=true